<?xml version="1.0" encoding="UTF-8"?>
<!-- Generated by org.testng.reporters.JUnitReportReporter -->
<testsuite name="maven.demo.RestAssuredAuto.TestBasicFeatureForXML" tests="1" time="2.746" ignored="0" failures="0" timestamp="30 Nov 2019 16:58:21 GMT" skipped="0" hostname="lenovo" errors="0">
  <testcase name="testInXpath" time="2.746" classname="maven.demo.RestAssuredAuto.TestBasicFeatureForXML"/>
</testsuite> <!-- maven.demo.RestAssuredAuto.TestBasicFeatureForXML -->
