<?xml version="1.0" encoding="UTF-8"?>
<!-- Generated by org.testng.reporters.JUnitReportReporter -->
<testsuite name="maven.demo.RestAssuredAuto.TC_002_POST_REQUEST" tests="1" time="2.373" ignored="0" failures="0" timestamp="13 Jun 2020 09:39:59 GMT" skipped="0" hostname="lenovo" errors="0">
  <testcase name="postRequest" time="2.373" classname="maven.demo.RestAssuredAuto.TC_002_POST_REQUEST"/>
</testsuite> <!-- maven.demo.RestAssuredAuto.TC_002_POST_REQUEST -->
