<?xml version="1.0" encoding="UTF-8"?>
<!-- Generated by org.testng.reporters.JUnitReportReporter -->
<testsuite name="maven.demo.RestAssuredAuto.TestResources" tests="1" time="4.327" ignored="0" failures="0" timestamp="04 Aug 2019 08:32:07 GMT" skipped="0" hostname="lenovo" errors="0">
  <testcase name="CheckAllResponseData" time="4.327" classname="maven.demo.RestAssuredAuto.TestResources"/>
</testsuite> <!-- maven.demo.RestAssuredAuto.TestResources -->
