<?xml version="1.0" encoding="UTF-8"?>
<!-- Generated by org.testng.reporters.JUnitReportReporter -->
<testsuite name="maven.demo.RestAssuredAuto.TC_001_GET_REQUEST" tests="1" time="3.479" ignored="0" failures="0" timestamp="13 Jun 2020 09:38:25 GMT" skipped="0" hostname="lenovo" errors="0">
  <testcase name="getWeatherDetails" time="3.479" classname="maven.demo.RestAssuredAuto.TC_001_GET_REQUEST"/>
</testsuite> <!-- maven.demo.RestAssuredAuto.TC_001_GET_REQUEST -->
